<?xml version="1.0" encoding="UTF-8"?>
<robot generator="Robot 6.0.2 (Python 3.8.0 on win32)" generated="20230425 15:51:09.489" rpa="false" schemaversion="3">
<suite id="s1" name="TEST DEMO" source="D:\Workspace\GX1\G1XAutomation\Demo_Auto_Test\TestProtocols\TEST_DEMO.txt">
<kw name="Init Test" library="GX1Testlib" type="SETUP">
<arg>\</arg>
<arg>\</arg>
<arg>\</arg>
<doc>Description:
 This should be called before any test can started for GX1
Arguments:</doc>
<msg timestamp="20230425 15:51:09.735" level="FAIL">Keyword 'GX1Testlib.Init Test' expected 0 arguments, got 3.</msg>
<status status="FAIL" starttime="20230425 15:51:09.735" endtime="20230425 15:51:09.736"/>
</kw>
<test id="s1-t1" name="TEST_CASE_1_COMMAND_SIMULATION" line="8">
<doc>This test case is for demo for the features of DVTFront of GX1.</doc>
<tag>DEMO</tag>
<tag>MAINPAGE</tag>
<tag>SCREENSHOT</tag>
<tag>stimulation</tag>
<status status="FAIL" starttime="20230425 15:51:09.736" endtime="20230425 15:51:09.737">Parent suite setup failed:
Keyword 'GX1Testlib.Init Test' expected 0 arguments, got 3.</status>
</test>
<test id="s1-t2" name="TEST_CASE_2_CLICK_AND_SCREEN_SHOT" line="34">
<doc>This is the second case</doc>
<tag>POWER</tag>
<tag>VOLTAGE</tag>
<status status="FAIL" starttime="20230425 15:51:09.738" endtime="20230425 15:51:09.739">Parent suite setup failed:
Keyword 'GX1Testlib.Init Test' expected 0 arguments, got 3.</status>
</test>
<test id="s1-t3" name="TEST_CASE_3_COMMAND_SEARCH" line="58">
<tag>STIMULATION</tag>
<tag>VOLTAGE</tag>
<status status="FAIL" starttime="20230425 15:51:09.740" endtime="20230425 15:51:09.740">Parent suite setup failed:
Keyword 'GX1Testlib.Init Test' expected 0 arguments, got 3.</status>
</test>
<test id="s1-t4" name="TEST_CASE_4_TEST_OCR" line="70">
<status status="FAIL" starttime="20230425 15:51:09.741" endtime="20230425 15:51:09.742">Parent suite setup failed:
Keyword 'GX1Testlib.Init Test' expected 0 arguments, got 3.</status>
</test>
<test id="s1-t5" name="TEST_CASE_5_TEST_COMPARE" line="82">
<status status="FAIL" starttime="20230425 15:51:09.742" endtime="20230425 15:51:09.743">Parent suite setup failed:
Keyword 'GX1Testlib.Init Test' expected 0 arguments, got 3.</status>
</test>
<kw name="Close Test" library="GX1Testlib" type="TEARDOWN">
<arg>\</arg>
<arg>\</arg>
<arg>\</arg>
<doc>Description:
Close all and cleanup after the test is done
exceptions.
Arguments:
    None
Return Value:
    None
Examples:
|close_test |</doc>
<msg timestamp="20230425 15:51:09.744" level="FAIL">Keyword 'GX1Testlib.Close Test' expected 0 arguments, got 3.</msg>
<status status="FAIL" starttime="20230425 15:51:09.744" endtime="20230425 15:51:09.744">Keyword 'GX1Testlib.Close Test' expected 0 arguments, got 3.</status>
</kw>
<meta name="FW_VERSION">2.0  </meta>
<meta name="SW_VERSION">1.0  </meta>
<status status="FAIL" starttime="20230425 15:51:09.506" endtime="20230425 15:51:09.744">Suite setup failed:
Keyword 'GX1Testlib.Init Test' expected 0 arguments, got 3.

Also suite teardown failed:
Keyword 'GX1Testlib.Close Test' expected 0 arguments, got 3.</status>
</suite>
<statistics>
<total>
<stat pass="0" fail="5" skip="0">All Tests</stat>
</total>
<tag>
<stat pass="0" fail="1" skip="0">DEMO</stat>
<stat pass="0" fail="1" skip="0">MAINPAGE</stat>
<stat pass="0" fail="1" skip="0">POWER</stat>
<stat pass="0" fail="1" skip="0">SCREENSHOT</stat>
<stat pass="0" fail="2" skip="0">stimulation</stat>
<stat pass="0" fail="2" skip="0">VOLTAGE</stat>
</tag>
<suite>
<stat pass="0" fail="5" skip="0" id="s1" name="TEST DEMO">TEST DEMO</stat>
</suite>
</statistics>
<errors>
</errors>
</robot>
