<?xml version="1.0" encoding="UTF-8"?>
<robot generator="Robot 6.0.2 (Python 3.8.0 on win32)" generated="20230421 16:57:31.247" rpa="false" schemaversion="3">
<suite id="s1" name="TEST DEMO" source="D:\Workspace\GX1\G1XAutomation\Demo_Auto_Test\TestProtocols\TEST_DEMO.robot">
<kw name="Init Test" library="GX1Testlib" type="SETUP">
<doc>Description:
 This should be called before any test can started for GX1
Arguments:</doc>
<msg timestamp="20230421 16:57:31.675" level="INFO">Loading the project at D:\Workspace\GX1\G1XAutomation\Demo_Auto_Test</msg>
<msg timestamp="20230421 16:57:31.701" level="INFO">Squish Hook 192.168.80.130, gx1, C:\Users\xuf\.ssh\bsci</msg>
<msg timestamp="20230421 16:57:31.702" level="INFO">Demo_Auto_Test has been loaded successfully</msg>
<msg timestamp="20230421 16:57:31.711" level="INFO">connecting to device</msg>
<msg timestamp="20230421 16:57:31.728" level="INFO">COM Port COM1 created successfully</msg>
<msg timestamp="20230421 16:57:31.836" level="INFO">GX1 Simulator is started</msg>
<msg timestamp="20230421 16:57:34.447" level="INFO">Squish tester is started</msg>
<msg timestamp="20230421 16:57:34.448" level="INFO">found router: gx1.development.squish_server</msg>
<status status="PASS" starttime="20230421 16:57:31.673" endtime="20230421 16:57:34.448"/>
</kw>
<test id="s1-t1" name="TEST_CASE_1_COMMAND_SIMULATION" line="8">
<kw name="Log" library="BuiltIn">
<arg>this is the test demo, started</arg>
<doc>Logs the given message with the given level.</doc>
<msg timestamp="20230421 16:57:34.451" level="INFO">this is the test demo, started</msg>
<status status="PASS" starttime="20230421 16:57:34.450" endtime="20230421 16:57:34.451"/>
</kw>
<kw name="Sleep" library="BuiltIn">
<arg>1s</arg>
<doc>Pauses the test executed for the given time.</doc>
<msg timestamp="20230421 16:57:35.460" level="INFO">Slept 1 second</msg>
<status status="PASS" starttime="20230421 16:57:34.451" endtime="20230421 16:57:35.460"/>
</kw>
<kw name="Mouse Xy" library="GX1Testlib">
<arg>722</arg>
<arg>161</arg>
<doc>Perform a mouse click on the active window.</doc>
<status status="PASS" starttime="20230421 16:57:35.461" endtime="20230421 16:57:36.023"/>
</kw>
<kw name="Sleep" library="BuiltIn">
<arg>0.5s</arg>
<doc>Pauses the test executed for the given time.</doc>
<msg timestamp="20230421 16:57:36.539" level="INFO">Slept 500 milliseconds</msg>
<status status="PASS" starttime="20230421 16:57:36.023" endtime="20230421 16:57:36.539"/>
</kw>
<kw name="Screen Shot" library="GX1Testlib">
<doc>Capture the image from Screen and embedded  the image captured to the report
:param embedded_image_to_report: whether the image should be embedded into report
:return: the image file location</doc>
<msg timestamp="20230421 16:57:36.717" level="INFO" html="true">&lt;a href="Img_eba0835d-fb0b-47ec-9f60-dab211dd084b.png"&gt;&lt;img src="Img_eba0835d-fb0b-47ec-9f60-dab211dd084b.png" width="400"&gt;&lt;/a&gt;</msg>
<status status="PASS" starttime="20230421 16:57:36.539" endtime="20230421 16:57:36.717"/>
</kw>
<kw name="Mouse Xy" library="GX1Testlib">
<arg>426</arg>
<arg>718</arg>
<doc>Perform a mouse click on the active window.</doc>
<status status="PASS" starttime="20230421 16:57:36.717" endtime="20230421 16:57:37.206"/>
</kw>
<kw name="Sleep" library="BuiltIn">
<arg>10s</arg>
<doc>Pauses the test executed for the given time.</doc>
<msg timestamp="20230421 16:57:47.218" level="INFO">Slept 10 seconds</msg>
<status status="PASS" starttime="20230421 16:57:37.206" endtime="20230421 16:57:47.218"/>
</kw>
<kw name="Start Scenario" library="GX1Testlib">
<arg>ImpedanceRamp</arg>
<doc>Start the stimulation scenario by its alias
:param scenario_name:
:return:</doc>
<msg timestamp="20230421 16:57:47.220" level="INFO">The scenario ImpedanceRamp is started</msg>
<status status="PASS" starttime="20230421 16:57:47.218" endtime="20230421 16:57:47.220"/>
</kw>
<kw name="Start Scenario" library="GX1Testlib">
<arg>RampMeasure</arg>
<doc>Start the stimulation scenario by its alias
:param scenario_name:
:return:</doc>
<msg timestamp="20230421 16:57:47.223" level="INFO">started</msg>
<msg timestamp="20230421 16:57:47.223" level="INFO">The scenario RampMeasure is started</msg>
<status status="PASS" starttime="20230421 16:57:47.221" endtime="20230421 16:57:47.223"/>
</kw>
<kw name="Sleep" library="BuiltIn">
<arg>10s</arg>
<doc>Pauses the test executed for the given time.</doc>
<msg timestamp="20230421 16:57:57.239" level="INFO">Slept 10 seconds</msg>
<status status="PASS" starttime="20230421 16:57:47.224" endtime="20230421 16:57:57.239"/>
</kw>
<kw name="Stop Scenario" library="GX1Testlib">
<arg>RampMeasure</arg>
<doc>Stop the scenario by its alias
:param scenario_name:
:return:</doc>
<msg timestamp="20230421 16:57:57.240" level="INFO">stop</msg>
<msg timestamp="20230421 16:57:57.241" level="INFO">The scenario RampMeasure is stopped</msg>
<status status="PASS" starttime="20230421 16:57:57.240" endtime="20230421 16:57:57.241"/>
</kw>
<kw name="Screen Shot" library="GX1Testlib">
<doc>Capture the image from Screen and embedded  the image captured to the report
:param embedded_image_to_report: whether the image should be embedded into report
:return: the image file location</doc>
<msg timestamp="20230421 16:57:57.418" level="INFO" html="true">&lt;a href="Img_720a586b-ef58-4894-9a69-e7f8900d2860.png"&gt;&lt;img src="Img_720a586b-ef58-4894-9a69-e7f8900d2860.png" width="400"&gt;&lt;/a&gt;</msg>
<status status="PASS" starttime="20230421 16:57:57.241" endtime="20230421 16:57:57.418"/>
</kw>
<kw name="Sleep" library="BuiltIn">
<arg>1s</arg>
<doc>Pauses the test executed for the given time.</doc>
<msg timestamp="20230421 16:57:58.427" level="INFO">Slept 1 second</msg>
<status status="PASS" starttime="20230421 16:57:57.419" endtime="20230421 16:57:58.428"/>
</kw>
<kw name="Start Scenario" library="GX1Testlib">
<arg>RampMeasure</arg>
<doc>Start the stimulation scenario by its alias
:param scenario_name:
:return:</doc>
<msg timestamp="20230421 16:57:58.431" level="INFO">started</msg>
<msg timestamp="20230421 16:57:58.432" level="INFO">The scenario RampMeasure is started</msg>
<status status="PASS" starttime="20230421 16:57:58.428" endtime="20230421 16:57:58.432"/>
</kw>
<kw name="Sleep" library="BuiltIn">
<arg>5s</arg>
<doc>Pauses the test executed for the given time.</doc>
<msg timestamp="20230421 16:58:03.442" level="INFO">Slept 5 seconds</msg>
<status status="PASS" starttime="20230421 16:57:58.433" endtime="20230421 16:58:03.442"/>
</kw>
<kw name="Stop Scenario" library="GX1Testlib">
<arg>RampMeasure</arg>
<doc>Stop the scenario by its alias
:param scenario_name:
:return:</doc>
<msg timestamp="20230421 16:58:03.443" level="INFO">stop</msg>
<msg timestamp="20230421 16:58:03.443" level="INFO">The scenario RampMeasure is stopped</msg>
<status status="PASS" starttime="20230421 16:58:03.443" endtime="20230421 16:58:03.443"/>
</kw>
<kw name="Stop Scenario" library="GX1Testlib">
<arg>ImpedanceRamp</arg>
<doc>Stop the scenario by its alias
:param scenario_name:
:return:</doc>
<msg timestamp="20230421 16:58:03.444" level="INFO">The scenario ImpedanceRamp is stopped</msg>
<status status="PASS" starttime="20230421 16:58:03.444" endtime="20230421 16:58:03.444"/>
</kw>
<kw name="Sleep" library="BuiltIn">
<arg>5s</arg>
<doc>Pauses the test executed for the given time.</doc>
<msg timestamp="20230421 16:58:08.450" level="INFO">Slept 5 seconds</msg>
<status status="PASS" starttime="20230421 16:58:03.445" endtime="20230421 16:58:08.451"/>
</kw>
<kw name="Log" library="BuiltIn">
<arg>this is the test demo, started</arg>
<doc>Logs the given message with the given level.</doc>
<msg timestamp="20230421 16:58:08.451" level="INFO">this is the test demo, started</msg>
<status status="PASS" starttime="20230421 16:58:08.451" endtime="20230421 16:58:08.451"/>
</kw>
<kw name="Screen Shot" library="GX1Testlib">
<doc>Capture the image from Screen and embedded  the image captured to the report
:param embedded_image_to_report: whether the image should be embedded into report
:return: the image file location</doc>
<msg timestamp="20230421 16:58:08.651" level="INFO" html="true">&lt;a href="Img_679f787c-e851-48d9-928c-7422059be0b5.png"&gt;&lt;img src="Img_679f787c-e851-48d9-928c-7422059be0b5.png" width="400"&gt;&lt;/a&gt;</msg>
<status status="PASS" starttime="20230421 16:58:08.452" endtime="20230421 16:58:08.651"/>
</kw>
<doc>This test case is for demo for the features of DVTFront of GX1.</doc>
<tag>DEMO</tag>
<tag>MAINPAGE</tag>
<tag>SCREENSHOT</tag>
<tag>stimulation</tag>
<status status="PASS" starttime="20230421 16:57:34.448" endtime="20230421 16:58:08.651"/>
</test>
<test id="s1-t2" name="TEST_CASE_2_CLICK_AND_SCREEN_SHOT" line="32">
<kw name="Log" library="BuiltIn">
<arg>this is the test demo, started</arg>
<doc>Logs the given message with the given level.</doc>
<msg timestamp="20230421 16:58:08.656" level="INFO">this is the test demo, started</msg>
<status status="PASS" starttime="20230421 16:58:08.656" endtime="20230421 16:58:08.656"/>
</kw>
<kw name="Sleep" library="BuiltIn">
<arg>1s</arg>
<doc>Pauses the test executed for the given time.</doc>
<msg timestamp="20230421 16:58:09.670" level="INFO">Slept 1 second</msg>
<status status="PASS" starttime="20230421 16:58:08.656" endtime="20230421 16:58:09.671"/>
</kw>
<kw name="Mouse Click" library="GX1Testlib">
<arg>OneTouch</arg>
<doc>If object is applicable, perform a mouse click by passing in the Squish object reference.</doc>
<status status="PASS" starttime="20230421 16:58:09.671" endtime="20230421 16:58:09.740"/>
</kw>
<kw name="Sleep" library="BuiltIn">
<arg>5s</arg>
<doc>Pauses the test executed for the given time.</doc>
<msg timestamp="20230421 16:58:14.756" level="INFO">Slept 5 seconds</msg>
<status status="PASS" starttime="20230421 16:58:09.740" endtime="20230421 16:58:14.756"/>
</kw>
<kw name="Screen Shot" library="GX1Testlib">
<doc>Capture the image from Screen and embedded  the image captured to the report
:param embedded_image_to_report: whether the image should be embedded into report
:return: the image file location</doc>
<msg timestamp="20230421 16:58:14.909" level="INFO" html="true">&lt;a href="Img_740b81df-efc8-4d5d-9573-d0a8940a67e7.png"&gt;&lt;img src="Img_740b81df-efc8-4d5d-9573-d0a8940a67e7.png" width="400"&gt;&lt;/a&gt;</msg>
<status status="PASS" starttime="20230421 16:58:14.757" endtime="20230421 16:58:14.910"/>
</kw>
<kw name="Sleep" library="BuiltIn">
<arg>1s</arg>
<doc>Pauses the test executed for the given time.</doc>
<msg timestamp="20230421 16:58:15.914" level="INFO">Slept 1 second</msg>
<status status="PASS" starttime="20230421 16:58:14.910" endtime="20230421 16:58:15.915"/>
</kw>
<kw name="Mouse Click" library="GX1Testlib">
<arg>Stimulation</arg>
<doc>If object is applicable, perform a mouse click by passing in the Squish object reference.</doc>
<status status="PASS" starttime="20230421 16:58:15.915" endtime="20230421 16:58:16.497"/>
</kw>
<kw name="Sleep" library="BuiltIn">
<arg>1s</arg>
<doc>Pauses the test executed for the given time.</doc>
<msg timestamp="20230421 16:58:17.513" level="INFO">Slept 1 second</msg>
<status status="PASS" starttime="20230421 16:58:16.498" endtime="20230421 16:58:17.513"/>
</kw>
<kw name="Set Command Response" library="GX1Testlib">
<arg>C046</arg>
<arg>u8_OutputStatus=1</arg>
<arg>u8_ButtonStatus=1</arg>
<doc>Set the response data
:param command_code: the command code not the response code
:param response_data: the leaf field of the response data
:return:</doc>
<status status="PASS" starttime="20230421 16:58:17.513" endtime="20230421 16:58:17.514"/>
</kw>
<kw name="Sleep" library="BuiltIn">
<arg>1s</arg>
<doc>Pauses the test executed for the given time.</doc>
<msg timestamp="20230421 16:58:18.523" level="INFO">Slept 1 second</msg>
<status status="PASS" starttime="20230421 16:58:17.514" endtime="20230421 16:58:18.524"/>
</kw>
<kw name="Screen Shot" library="GX1Testlib">
<doc>Capture the image from Screen and embedded  the image captured to the report
:param embedded_image_to_report: whether the image should be embedded into report
:return: the image file location</doc>
<msg timestamp="20230421 16:58:18.679" level="INFO" html="true">&lt;a href="Img_32e57eb6-7c0e-4414-8fad-1a39d62d6ff9.png"&gt;&lt;img src="Img_32e57eb6-7c0e-4414-8fad-1a39d62d6ff9.png" width="400"&gt;&lt;/a&gt;</msg>
<status status="PASS" starttime="20230421 16:58:18.524" endtime="20230421 16:58:18.679"/>
</kw>
<kw name="Sleep" library="BuiltIn">
<arg>1s</arg>
<doc>Pauses the test executed for the given time.</doc>
<msg timestamp="20230421 16:58:19.695" level="INFO">Slept 1 second</msg>
<status status="PASS" starttime="20230421 16:58:18.679" endtime="20230421 16:58:19.696"/>
</kw>
<kw name="Set Command Response" library="GX1Testlib">
<arg>C046</arg>
<arg>u8_OutputStatus=0</arg>
<arg>u8_ButtonStatus=1</arg>
<doc>Set the response data
:param command_code: the command code not the response code
:param response_data: the leaf field of the response data
:return:</doc>
<status status="PASS" starttime="20230421 16:58:19.697" endtime="20230421 16:58:19.698"/>
</kw>
<kw name="Sleep" library="BuiltIn">
<arg>1s</arg>
<doc>Pauses the test executed for the given time.</doc>
<msg timestamp="20230421 16:58:20.711" level="INFO">Slept 1 second</msg>
<status status="PASS" starttime="20230421 16:58:19.699" endtime="20230421 16:58:20.711"/>
</kw>
<kw name="Screen Shot" library="GX1Testlib">
<doc>Capture the image from Screen and embedded  the image captured to the report
:param embedded_image_to_report: whether the image should be embedded into report
:return: the image file location</doc>
<msg timestamp="20230421 16:58:20.847" level="INFO" html="true">&lt;a href="Img_267f8147-7696-43cb-94e0-d9a0da1359d7.png"&gt;&lt;img src="Img_267f8147-7696-43cb-94e0-d9a0da1359d7.png" width="400"&gt;&lt;/a&gt;</msg>
<status status="PASS" starttime="20230421 16:58:20.712" endtime="20230421 16:58:20.847"/>
</kw>
<kw name="Mouse Click" library="GX1Testlib">
<arg>PulseRF</arg>
<doc>If object is applicable, perform a mouse click by passing in the Squish object reference.</doc>
<status status="PASS" starttime="20230421 16:58:20.848" endtime="20230421 16:58:21.280"/>
</kw>
<kw name="Screen Shot" library="GX1Testlib">
<doc>Capture the image from Screen and embedded  the image captured to the report
:param embedded_image_to_report: whether the image should be embedded into report
:return: the image file location</doc>
<msg timestamp="20230421 16:58:21.498" level="INFO" html="true">&lt;a href="Img_d68b104f-1f36-4c45-9a57-130c2e8e484f.png"&gt;&lt;img src="Img_d68b104f-1f36-4c45-9a57-130c2e8e484f.png" width="400"&gt;&lt;/a&gt;</msg>
<status status="PASS" starttime="20230421 16:58:21.280" endtime="20230421 16:58:21.498"/>
</kw>
<kw name="Log" library="BuiltIn">
<arg>this is the test demo, started</arg>
<doc>Logs the given message with the given level.</doc>
<msg timestamp="20230421 16:58:21.499" level="INFO">this is the test demo, started</msg>
<status status="PASS" starttime="20230421 16:58:21.499" endtime="20230421 16:58:21.499"/>
</kw>
<doc>This is the second case</doc>
<tag>POWER</tag>
<tag>VOLTAGE</tag>
<status status="PASS" starttime="20230421 16:58:08.653" endtime="20230421 16:58:21.500"/>
</test>
<test id="s1-t3" name="TEST_CASE_3_COMMAND_SEARCH" line="54">
<kw name="Log" library="BuiltIn">
<arg>this test is for testing the search command logged in the queue</arg>
<doc>Logs the given message with the given level.</doc>
<msg timestamp="20230421 16:58:21.504" level="INFO">this test is for testing the search command logged in the queue</msg>
<status status="PASS" starttime="20230421 16:58:21.504" endtime="20230421 16:58:21.505"/>
</kw>
<kw name="Clean Command Logging Queue" library="GX1Testlib">
<doc>Clean the queue
:return:</doc>
<status status="PASS" starttime="20230421 16:58:21.505" endtime="20230421 16:58:21.505"/>
</kw>
<kw name="Sleep" library="BuiltIn">
<arg>5s</arg>
<doc>Pauses the test executed for the given time.</doc>
<msg timestamp="20230421 16:58:26.514" level="INFO">Slept 5 seconds</msg>
<status status="PASS" starttime="20230421 16:58:21.506" endtime="20230421 16:58:26.514"/>