<?xml version="1.0" encoding="UTF-8"?>
<robot generator="Robot 6.0.2 (Python 3.8.0 on win32)" generated="20230421 16:55:51.390" rpa="false" schemaversion="3">
<suite id="s1" name="TEST DEMO" source="D:\Workspace\GX1\G1XAutomation\Demo_Auto_Test\TestProtocols\TEST_DEMO.robot">
<kw name="Init Test" library="GX1Testlib" type="SETUP">
<doc>Description:
 This should be called before any test can started for GX1
Arguments:</doc>
<msg timestamp="20230421 16:55:51.817" level="INFO">Loading the project at D:\Workspace\GX1\G1XAutomation\Demo_Auto_Test</msg>
<msg timestamp="20230421 16:55:51.843" level="INFO">Squish Hook 192.168.80.130, gx1, C:\Users\xuf\.ssh\bsci</msg>
<msg timestamp="20230421 16:55:51.844" level="INFO">Demo_Auto_Test has been loaded successfully</msg>
<msg timestamp="20230421 16:55:51.853" level="INFO">connecting to device</msg>
<msg timestamp="20230421 16:55:51.864" level="INFO">COM Port COM1 created successfully</msg>
<msg timestamp="20230421 16:55:51.969" level="INFO">GX1 Simulator is started</msg>
<msg timestamp="20230421 16:55:54.577" level="INFO">Squish tester is started</msg>
<msg timestamp="20230421 16:55:54.578" level="INFO">found router: gx1.development.squish_server</msg>
<status status="PASS" starttime="20230421 16:55:51.810" endtime="20230421 16:55:54.578"/>
</kw>
<test id="s1-t1" name="TEST_CASE_1_COMMAND_SIMULATION" line="8">
<kw name="Log" library="BuiltIn">
<arg>this is the test demo, started</arg>
<doc>Logs the given message with the given level.</doc>
<msg timestamp="20230421 16:55:54.581" level="INFO">this is the test demo, started</msg>
<status status="PASS" starttime="20230421 16:55:54.581" endtime="20230421 16:55:54.582"/>
</kw>
<kw name="Sleep" library="BuiltIn">
<arg>1s</arg>
<doc>Pauses the test executed for the given time.</doc>
<msg timestamp="20230421 16:55:55.595" level="INFO">Slept 1 second</msg>
<status status="PASS" starttime="20230421 16:55:54.582" endtime="20230421 16:55:55.595"/>
</kw>
<kw name="Mouse Xy" library="GX1Testlib">
<arg>722</arg>
<arg>161</arg>
<doc>Perform a mouse click on the active window.</doc>
<status status="PASS" starttime="20230421 16:55:55.596" endtime="20230421 16:55:56.166"/>
</kw>
<kw name="Sleep" library="BuiltIn">
<arg>0.5s</arg>
<doc>Pauses the test executed for the given time.</doc>
<msg timestamp="20230421 16:55:56.682" level="INFO">Slept 500 milliseconds</msg>
<status status="PASS" starttime="20230421 16:55:56.167" endtime="20230421 16:55:56.682"/>
</kw>
<kw name="Screen Shot" library="GX1Testlib">
<doc>Capture the image from Screen and embedded  the image captured to the report
:param embedded_image_to_report: whether the image should be embedded into report
:return: the image file location</doc>
<msg timestamp="20230421 16:55:56.858" level="INFO" html="true">&lt;a href="Img_e4c96fd9-41d7-42a5-a5ff-63837d9668da.png"&gt;&lt;img src="Img_e4c96fd9-41d7-42a5-a5ff-63837d9668da.png" width="400"&gt;&lt;/a&gt;</msg>
<status status="PASS" starttime="20230421 16:55:56.683" endtime="20230421 16:55:56.858"/>
</kw>
<kw name="Mouse Xy" library="GX1Testlib">
<arg>426</arg>
<arg>718</arg>
<doc>Perform a mouse click on the active window.</doc>
<status status="PASS" starttime="20230421 16:55:56.858" endtime="20230421 16:55:57.412"/>
</kw>
<kw name="Sleep" library="BuiltIn">
<arg>10s</arg>
<doc>Pauses the test executed for the given time.</doc>
<msg timestamp="20230421 16:56:07.415" level="INFO">Slept 10 seconds</msg>
<status status="PASS" starttime="20230421 16:55:57.412" endtime="20230421 16:56:07.415"/>
</kw>
<kw name="Start Scenario" library="GX1Testlib">
<arg>ImpedanceRamp</arg>
<doc>Start the stimulation scenario by its alias
:param scenario_name:
:return:</doc>
<msg timestamp="20230421 16:56:07.420" level="INFO">The scenario ImpedanceRamp is started</msg>
<status status="PASS" starttime="20230421 16:56:07.416" endtime="20230421 16:56:07.421"/>
</kw>
<kw name="Start Scenario" library="GX1Testlib">
<arg>RampMeasure</arg>
<doc>Start the stimulation scenario by its alias
:param scenario_name:
:return:</doc>
<msg timestamp="20230421 16:56:07.425" level="INFO">started</msg>
<msg timestamp="20230421 16:56:07.426" level="INFO">The scenario RampMeasure is started</msg>
<status status="PASS" starttime="20230421 16:56:07.421" endtime="20230421 16:56:07.426"/>
</kw>
<kw name="Sleep" library="BuiltIn">
<arg>10s</arg>
<doc>Pauses the test executed for the given time.</doc>
<msg timestamp="20230421 16:56:17.439" level="INFO">Slept 10 seconds</msg>
<status status="PASS" starttime="20230421 16:56:07.426" endtime="20230421 16:56:17.440"/>
</kw>
<kw name="Stop Scenario" library="GX1Testlib">
<arg>RampMeasure</arg>
<doc>Stop the scenario by its alias
:param scenario_name:
:return:</doc>
<msg timestamp="20230421 16:56:17.441" level="INFO">stop</msg>
<msg timestamp="20230421 16:56:17.441" level="INFO">The scenario RampMeasure is stopped</msg>
<status status="PASS" starttime="20230421 16:56:17.440" endtime="20230421 16:56:17.441"/>
</kw>
<kw name="Screen Shot" library="GX1Testlib">
<doc>Capture the image from Screen and embedded  the image captured to the report
:param embedded_image_to_report: whether the image should be embedded into report
:return: the image file location</doc>
<msg timestamp="20230421 16:56:17.603" level="INFO" html="true">&lt;a href="Img_58267370-d014-4956-ab82-6a4a3c994e25.png"&gt;&lt;img src="Img_58267370-d014-4956-ab82-6a4a3c994e25.png" width="400"&gt;&lt;/a&gt;</msg>
<status status="PASS" starttime="20230421 16:56:17.441" endtime="20230421 16:56:17.603"/>
</kw>
<kw name="Sleep" library="BuiltIn">
<arg>1s</arg>
<doc>Pauses the test executed for the given time.</doc>
<msg timestamp="20230421 16:56:18.611" level="INFO">Slept 1 second</msg>
<status status="PASS" starttime="20230421 16:56:17.604" endtime="20230421 16:56:18.612"/>
</kw>
<kw name="Start Scenario" library="GX1Testlib">
<arg>RampMeasure</arg>
<doc>Start the stimulation scenario by its alias
:param scenario_name:
:return:</doc>
<msg timestamp="20230421 16:56:18.613" level="INFO">started</msg>
<msg timestamp="20230421 16:56:18.613" level="INFO">The scenario RampMeasure is started</msg>
<status status="PASS" starttime="20230421 16:56:18.612" endtime="20230421 16:56:18.614"/>
</kw>
<kw name="Sleep" library="BuiltIn">
<arg>5s</arg>
<doc>Pauses the test executed for the given time.</doc>
<msg timestamp="20230421 16:56:23.623" level="INFO">Slept 5 seconds</msg>
<status status="PASS" starttime="20230421 16:56:18.614" endtime="20230421 16:56:23.623"/>
</kw>
<kw name="Stop Scenario" library="GX1Testlib">
<arg>RampMeasure</arg>
<doc>Stop the scenario by its alias
:param scenario_name:
:return:</doc>
<msg timestamp="20230421 16:56:23.624" level="INFO">stop</msg>
<msg timestamp="20230421 16:56:23.624" level="INFO">The scenario RampMeasure is stopped</msg>
<status status="PASS" starttime="20230421 16:56:23.624" endtime="20230421 16:56:23.624"/>
</kw>
<kw name="Stop Scenario" library="GX1Testlib">
<arg>ImpedanceRamp</arg>
<doc>Stop the scenario by its alias
:param scenario_name:
:return:</doc>
<msg timestamp="20230421 16:56:23.625" level="INFO">The scenario ImpedanceRamp is stopped</msg>
<status status="PASS" starttime="20230421 16:56:23.625" endtime="20230421 16:56:23.625"/>
</kw>
<kw name="Sleep" library="BuiltIn">
<arg>5s</arg>
<doc>Pauses the test executed for the given time.</doc>
<msg timestamp="20230421 16:56:28.630" level="INFO">Slept 5 seconds</msg>
<status status="PASS" starttime="20230421 16:56:23.625" endtime="20230421 16:56:28.631"/>
</kw>
<kw name="Log" library="BuiltIn">
<arg>this is the test demo, started</arg>
<doc>Logs the given message with the given level.</doc>
<msg timestamp="20230421 16:56:28.632" level="INFO">this is the test demo, started</msg>
<status status="PASS" starttime="20230421 16:56:28.632" endtime="20230421 16:56:28.633"/>
</kw>
<kw name="Screen Shot" library="GX1Testlib">
<doc>Capture the image from Screen and embedded  the image captured to the report
:param embedded_image_to_report: whether the image should be embedded into report
:return: the image file location