<?xml version="1.0" encoding="UTF-8"?>
<robot generator="Robot 6.0.2 (Python 3.8.0 on win32)" generated="20230602 17:34:43.601" rpa="false" schemaversion="3">
<suite id="s1" name="TEST DEMO" source="d:\Workspace\GX1\G1XAutomation\Demo_Auto_Test\TestProtocols\TEST_DEMO.txt">
<kw name="Init Test" library="GX1Testlib" type="SETUP">
<doc>Description:
 This should be called before any test can started for GX1
Arguments:</doc>
<msg timestamp="20230602 17:34:43.980" level="INFO">Loading the project at D:\Workspace\GX1\G1XAutomation\Demo_Auto_Test</msg>
<msg timestamp="20230602 17:34:44.020" level="INFO">Squish Hook 192.168.80.130, gx1, C:\Users\xuf\.ssh\bsci</msg>
<msg timestamp="20230602 17:34:44.020" level="INFO">Demo_Auto_Test has been loaded successfully</msg>
<msg timestamp="20230602 17:34:44.031" level="INFO">connecting to device</msg>
<msg timestamp="20230602 17:34:44.046" level="INFO">COM Port COM1 created successfully</msg>
<msg timestamp="20230602 17:34:44.154" level="INFO">GX1 Simulator is started</msg>
<msg timestamp="20230602 17:34:46.193" level="FAIL">NamingError: Failed to locate the nameserver</msg>
<status status="FAIL" starttime="20230602 17:34:43.978" endtime="20230602 17:34:46.197"/>
</kw>
<test id="s1-t1" name="TEST_CASE_4_TEST_OCR" line="65">
<status status="FAIL" starttime="20230602 17:34:46.198" endtime="20230602 17:34:46.201">Parent suite setup failed:
NamingError: Failed to locate the nameserver</status>
</test>
<kw name="Close Test" library="GX1Testlib" type="TEARDOWN">
<doc>Description:
Close all and cleanup after the test is done
exceptions.
Arguments:
    None
Return Value:
    None
Examples:
|close_test |</doc>
<msg timestamp="20230602 17:34:47.217" level="INFO">disconnecting from device</msg>
<msg timestamp="20230602 17:34:47.232" level="INFO">GX1 Simulator is stopped</msg>
<msg timestamp="20230602 17:34:47.233" level="FAIL">AttributeError: 'NoneType' object has no attribute 'disconnect'</msg>
<status status="FAIL" starttime="20230602 17:34:46.204" endtime="20230602 17:34:47.234">AttributeError: 'NoneType' object has no attribute 'disconnect'</status>
</kw>
<meta name="FW_VERSION">2.0</meta>
<meta name="SW_VERSION">1.0</meta>
<status status="FAIL" starttime="20230602 17:34:43.606" endtime="20230602 17:34:47.235">Suite setup failed:
NamingError: Failed to locate the nameserver

Also suite teardown failed:
AttributeError: 'NoneType' object has no attribute 'disconnect'</status>
</suite>
<statistics>
<total>
<stat pass="0" fail="1" skip="0">All Tests</stat>
</total>
<tag>
</tag>
<suite>
<stat pass="0" fail="1" skip="0" id="s1" name="TEST DEMO">TEST DEMO</stat>
</suite>
</statistics>
<errors>
</errors>
</robot>
